Determining if the pthread_create exist failed with the following output:
Change Dir: /workspace/home/SFND_Lidar_Obstacle_Detection/build/CMakeFiles/CMakeTmp

Run Build Command:"/usr/bin/make" "cmTC_437ae/fast"
/usr/bin/make -f CMakeFiles/cmTC_437ae.dir/build.make CMakeFiles/cmTC_437ae.dir/build
make[1]: Entering directory '/workspace/home/SFND_Lidar_Obstacle_Detection/build/CMakeFiles/CMakeTmp'
Building C object CMakeFiles/cmTC_437ae.dir/CheckSymbolExists.c.o
/usr/bin/cc    -o CMakeFiles/cmTC_437ae.dir/CheckSymbolExists.c.o   -c /workspace/home/SFND_Lidar_Obstacle_Detection/build/CMakeFiles/CMakeTmp/CheckSymbolExists.c
Linking C executable cmTC_437ae
/usr/local/bin/cmake -E cmake_link_script CMakeFiles/cmTC_437ae.dir/link.txt --verbose=1
/usr/bin/cc      -rdynamic CMakeFiles/cmTC_437ae.dir/CheckSymbolExists.c.o  -o cmTC_437ae 
CMakeFiles/cmTC_437ae.dir/CheckSymbolExists.c.o: In function `main':
CheckSymbolExists.c:(.text+0x16): undefined reference to `pthread_create'
collect2: error: ld returned 1 exit status
CMakeFiles/cmTC_437ae.dir/build.make:86: recipe for target 'cmTC_437ae' failed
make[1]: *** [cmTC_437ae] Error 1
make[1]: Leaving directory '/workspace/home/SFND_Lidar_Obstacle_Detection/build/CMakeFiles/CMakeTmp'
Makefile:121: recipe for target 'cmTC_437ae/fast' failed
make: *** [cmTC_437ae/fast] Error 2

File /workspace/home/SFND_Lidar_Obstacle_Detection/build/CMakeFiles/CMakeTmp/CheckSymbolExists.c:
/* */
#include <pthread.h>

int main(int argc, char** argv)
{
  (void)argv;
#ifndef pthread_create
  return ((int*)(&pthread_create))[argc];
#else
  (void)argc;
  return 0;
#endif
}

Determining if the function pthread_create exists in the pthreads failed with the following output:
Change Dir: /workspace/home/SFND_Lidar_Obstacle_Detection/build/CMakeFiles/CMakeTmp

Run Build Command:"/usr/bin/make" "cmTC_87fcf/fast"
/usr/bin/make -f CMakeFiles/cmTC_87fcf.dir/build.make CMakeFiles/cmTC_87fcf.dir/build
make[1]: Entering directory '/workspace/home/SFND_Lidar_Obstacle_Detection/build/CMakeFiles/CMakeTmp'
Building C object CMakeFiles/cmTC_87fcf.dir/CheckFunctionExists.c.o
/usr/bin/cc   -DCHECK_FUNCTION_EXISTS=pthread_create   -o CMakeFiles/cmTC_87fcf.dir/CheckFunctionExists.c.o   -c /usr/local/share/cmake-3.13/Modules/CheckFunctionExists.c
Linking C executable cmTC_87fcf
/usr/local/bin/cmake -E cmake_link_script CMakeFiles/cmTC_87fcf.dir/link.txt --verbose=1
/usr/bin/cc  -DCHECK_FUNCTION_EXISTS=pthread_create    -rdynamic CMakeFiles/cmTC_87fcf.dir/CheckFunctionExists.c.o  -o cmTC_87fcf -lpthreads 
/usr/bin/ld: cannot find -lpthreads
collect2: error: ld returned 1 exit status
CMakeFiles/cmTC_87fcf.dir/build.make:86: recipe for target 'cmTC_87fcf' failed
make[1]: *** [cmTC_87fcf] Error 1
make[1]: Leaving directory '/workspace/home/SFND_Lidar_Obstacle_Detection/build/CMakeFiles/CMakeTmp'
Makefile:121: recipe for target 'cmTC_87fcf/fast' failed
make: *** [cmTC_87fcf/fast] Error 2


